[debug] [2018-10-29T15:19:14.882Z] ----------------------------------------------------------------------
[debug] [2018-10-29T15:19:14.883Z] Command:       /usr/bin/node /usr/bin/firebase serve --only functions
[debug] [2018-10-29T15:19:14.883Z] CLI Version:   6.0.0
[debug] [2018-10-29T15:19:14.883Z] Platform:      linux
[debug] [2018-10-29T15:19:14.883Z] Node Version:  v10.12.0
[debug] [2018-10-29T15:19:14.884Z] Time:          Mon Oct 29 2018 16:19:14 GMT+0100 (Central European Standard Time)
[debug] [2018-10-29T15:19:14.884Z] ----------------------------------------------------------------------
[debug] 
[debug] [2018-10-29T15:19:14.891Z] > command requires scopes: ["email","openid","https://www.googleapis.com/auth/cloudplatformprojects.readonly","https://www.googleapis.com/auth/firebase","https://www.googleapis.com/auth/cloud-platform"]
[debug] [2018-10-29T15:19:14.891Z] > authorizing via signed-in user
[debug] [2018-10-29T15:19:14.891Z] [iam] checking project vreme-live for permissions ["firebase.projects.get"]
[debug] [2018-10-29T15:19:14.892Z] >>> HTTP REQUEST POST https://cloudresourcemanager.googleapis.com/v1/projects/vreme-live:testIamPermissions  

[debug] [2018-10-29T15:19:16.006Z] <<< HTTP RESPONSE 200
[debug] [2018-10-29T15:19:16.010Z] >>> HTTP REQUEST GET https://cloudresourcemanager.googleapis.com/v1/projects/vreme-live  
 
[debug] [2018-10-29T15:19:17.039Z] <<< HTTP RESPONSE 200
[info] 
[info] === Serving from '/var/www/media/pinkflozd/bazdara/nova'...
[info] 
[debug] [2018-10-29T15:19:17.875Z] Error: EACCES: permission denied, mkdir '/usr/lib/node_modules/firebase-tools/node_modules/@google-cloud/functions-emulator/logs'
    at Object.mkdirSync (fs.js:750:3)
    at Object.assertLogsPath (/usr/lib/node_modules/firebase-tools/node_modules/@google-cloud/functions-emulator/src/emulator/logs.js:65:10)
    at new Controller (/usr/lib/node_modules/firebase-tools/node_modules/@google-cloud/functions-emulator/src/cli/controller.js:77:32)
    at FunctionsEmulator.start (/usr/lib/node_modules/firebase-tools/lib/functionsEmulator.js:102:23)
    at Object.start (/usr/lib/node_modules/firebase-tools/lib/serve/functions.js:7:33)
    at /usr/lib/node_modules/firebase-tools/lib/serve/index.js:18:23
    at arrayMap (/usr/lib/node_modules/firebase-tools/node_modules/lodash/lodash.js:639:23)
    at Function.map (/usr/lib/node_modules/firebase-tools/node_modules/lodash/lodash.js:9556:14)
    at _serve (/usr/lib/node_modules/firebase-tools/lib/serve/index.js:16:26)
    at Command._action (/usr/lib/node_modules/firebase-tools/lib/commands/serve.js:38:12)
[error] 
[error] Error: An unexpected error has occurred.
